1739208433736	geckodriver	INFO	Listening on 127.0.0.1:64543
1739208436789	mozrunner::runner	INFO	Running command: "C:\\Program Files\\Mozilla Firefox\\firefox.exe" "--marionette" "--remote-debugging-port" "64544" "--remote-allow-hosts" "localhost" "-no-remote" "-profile" "C:\\Users\\juuso\\AppData\\Local\\Temp\\rust_mozprofilew0xmMd"
console.warn: services.settings: Ignoring preference override of remote settings server
console.warn: services.settings: Allow by setting MOZ_REMOTE_SETTINGS_DEVTOOLS=1 in the environment
Dynamically enable window occlusion 0
1739208437041	Marionette	INFO	Marionette enabled
1739208437302	Marionette	INFO	Listening on port 64551
WebDriver BiDi listening on ws://127.0.0.1:64544
Read port: 64551
1739208437428	RemoteAgent	WARN	TLS certificate errors will be ignored for this session
DevTools listening on ws://127.0.0.1:64544/devtools/browser/99093394-cc20-46cb-ac6c-7e4d90174f82
console.warn: LoginRecipes: "Falling back to a synchronous message for: https://automationplayground.com."
console.warn: LoginRecipes: "Falling back to a synchronous message for: https://automationplayground.com."
JavaScript warning: https://www.googletagmanager.com/gtag/js?id=G-NGEFJL0H65, line 177: Script terminated by timeout at:
hb@https://www.googletagmanager.com/gtag/js?id=G-NGEFJL0H65:177:159
ZC@https://www.googletagmanager.com/gtag/js?id=G-NGEFJL0H65:607:135
$C/<@https://www.googletagmanager.com/gtag/js?id=G-NGEFJL0H65:607:111

1739208468390	Marionette	INFO	Stopped listening on port 64551
Dynamically enable window occlusion 1
console.warn: services.settings: main/devtools-devices sync interrupted by shutdown
console.warn: services.settings: main/doh-config sync interrupted by shutdown
console.warn: services.settings: main/doh-providers sync interrupted by shutdown
console.warn: services.settings: main/hijack-blocklists sync interrupted by shutdown
console.warn: services.settings: main/anti-tracking-url-decoration sync interrupted by shutdown
console.warn: services.settings: main/sites-classification sync interrupted by shutdown
